2020-05-27 09:10:07:975 [Appium] Welcome to Appium v1.17.0
2020-05-27 09:10:07:979 [Appium] Non-default server args:
2020-05-27 09:10:07:980 [Appium]   port: 36488
2020-05-27 09:10:07:981 [Appium]   sessionOverride: true
2020-05-27 09:10:07:981 [Appium]   logFile: C:\QA\SmartCoinQAFrameWork\Android_Pixel2A\Server.log
2020-05-27 09:10:08:038 [Appium] Appium REST http interface listener started on 0.0.0.0:36488
2020-05-27 09:10:08:474 [HTTP] --> GET /wd/hub/status
2020-05-27 09:10:08:475 [HTTP] {}
2020-05-27 09:10:08:479 [GENERIC] Calling AppiumDriver.getStatus() with args: []
2020-05-27 09:10:08:482 [GENERIC] Responding to client with driver.getStatus() result: {"build":{"version":"1.17.0"}}
2020-05-27 09:10:08:492 [HTTP] <-- GET /wd/hub/status 200 14 ms - 68
2020-05-27 09:10:08:492 [HTTP] 
2020-05-27 09:10:08:497 [HTTP] --> GET /wd/hub/status
2020-05-27 09:10:08:498 [HTTP] {}
2020-05-27 09:10:08:498 [GENERIC] Calling AppiumDriver.getStatus() with args: []
2020-05-27 09:10:08:499 [GENERIC] Responding to client with driver.getStatus() result: {"build":{"version":"1.17.0"}}
2020-05-27 09:10:08:500 [HTTP] <-- GET /wd/hub/status 200 2 ms - 68
2020-05-27 09:10:08:500 [HTTP] 
2020-05-27 09:10:09:506 [HTTP] --> POST /wd/hub/session
2020-05-27 09:10:09:507 [HTTP] {"desiredCapabilities":{"app":"C:\\QA\\SmartCoinQAFrameWork\\src\\test\\resources\\apps\\app-release.apk","appActivity":"com.payvoo.app.ui.activity.SplashScreenActivity","appPackage":"in.rebase.app","chromeDriverPort":"11001","platformName":"Android","udid":"emulator-5554","deviceName":"Pixel2A","applicationName":"Android","systemPort":"10001"},"capabilities":{"firstMatch":[{"appium:app":"C:\\QA\\SmartCoinQAFrameWork\\src\\test\\resources\\apps\\app-release.apk","appium:appActivity":"com.payvoo.app.ui.activity.SplashScreenActivity","appium:appPackage":"in.rebase.app","applicationName":"Android","chromeDriverPort":"11001","appium:deviceName":"Pixel2A","platformName":"android","appium:systemPort":"10001","appium:udid":"emulator-5554"}]}}
2020-05-27 09:10:09:508 [W3C] Calling AppiumDriver.createSession() with args: [{"app":"C:\\QA\\SmartCoinQAFrameWork\\src\\test\\resources\\apps\\app-release.apk","appActivity":"com.payvoo.app.ui.activity.SplashScreenActivity","appPackage":"in.rebase.app","chromeDriverPort":"11001","platformName":"Android","udid":"emulator-5554","deviceName":"Pixel2A","applicationName":"Android","systemPort":"10001"},null,{"firstMatch":[{"appium:app":"C:\\QA\\SmartCoinQAFrameWork\\src\\test\\resources\\apps\\app-release.apk","appium:appActivity":"com.payvoo.app.ui.activity.SplashScreenActivity","appium:appPackage":"in.rebase.app","applicationName":"Android","chromeDriverPort":"11001","appium:deviceName":"Pixel2A","platformName":"android","appium:systemPort":"10001","appium:udid":"emulator-5554"}]}]
2020-05-27 09:10:09:509 [BaseDriver] Event 'newSessionRequested' logged at 1590570609509 (14:40:09 GMT+0530 (India Standard Time))
2020-05-27 09:10:09:517 [BaseDriver] The following capabilities are not standard capabilities and should have an extension prefix:
2020-05-27 09:10:09:517 [BaseDriver]   applicationName
2020-05-27 09:10:09:518 [BaseDriver]   chromeDriverPort
2020-05-27 09:10:09:527 [Appium] 
2020-05-27 09:10:09:528 [Appium] ======================================================================
2020-05-27 09:10:09:528 [Appium]   DEPRECATION WARNING:
2020-05-27 09:10:09:529 [Appium] 
2020-05-27 09:10:09:529 [Appium]   The 'automationName' capability was not provided in the desired 
2020-05-27 09:10:09:530 [Appium]   capabilities for this Android session
2020-05-27 09:10:09:530 [Appium] 
2020-05-27 09:10:09:530 [Appium]   Setting 'automationName=UiAutomator2' by default and using the 
2020-05-27 09:10:09:531 [Appium]   UiAutomator2 Driver
2020-05-27 09:10:09:531 [Appium] 
2020-05-27 09:10:09:531 [Appium]   The next major version of Appium (2.x) will **require** the 
2020-05-27 09:10:09:532 [Appium]   'automationName' capability to be set for all sessions on all 
2020-05-27 09:10:09:532 [Appium]   platforms
2020-05-27 09:10:09:533 [Appium] 
2020-05-27 09:10:09:533 [Appium]   In previous versions (Appium <= 1.13.x), the default was 
2020-05-27 09:10:09:534 [Appium]   'automationName=UiAutomator1'
2020-05-27 09:10:09:534 [Appium] 
2020-05-27 09:10:09:534 [Appium]   If you wish to use that automation instead of UiAutomator2, please 
2020-05-27 09:10:09:535 [Appium]   add 'automationName=UiAutomator1' to your desired capabilities
2020-05-27 09:10:09:535 [Appium] 
2020-05-27 09:10:09:535 [Appium]   For more information about drivers, please visit 
2020-05-27 09:10:09:536 [Appium]   http://appium.io/docs/en/about-appium/intro/ and explore the 
2020-05-27 09:10:09:536 [Appium]   'Drivers' menu
2020-05-27 09:10:09:536 [Appium] 
2020-05-27 09:10:09:537 [Appium] ======================================================================
2020-05-27 09:10:09:537 [Appium] 
2020-05-27 09:10:09:982 [Appium] Appium v1.17.0 creating new AndroidUiautomator2Driver (v1.44.2) session
2020-05-27 09:10:09:983 [Appium] There are no active sessions for cleanup
2020-05-27 09:10:09:988 [BaseDriver] W3C capabilities and MJSONWP desired capabilities were provided
2020-05-27 09:10:09:989 [BaseDriver] Creating session with W3C capabilities: {
2020-05-27 09:10:09:989 [BaseDriver]   "alwaysMatch": {
2020-05-27 09:10:09:989 [BaseDriver]     "appium:applicationName": "Android",
2020-05-27 09:10:09:990 [BaseDriver]     "appium:chromeDriverPort": "11001",
2020-05-27 09:10:09:990 [BaseDriver]     "platformName": "android",
2020-05-27 09:10:09:990 [BaseDriver]     "appium:app": "C:\\QA\\SmartCoinQAFrameWork\\src\\test\\resources\\apps\\app-release.apk",
2020-05-27 09:10:09:991 [BaseDriver]     "appium:appActivity": "com.payvoo.app.ui.activity.SplashScreenActivity",
2020-05-27 09:10:09:991 [BaseDriver]     "appium:appPackage": "in.rebase.app",
2020-05-27 09:10:09:992 [BaseDriver]     "appium:deviceName": "Pixel2A",
2020-05-27 09:10:09:992 [BaseDriver]     "appium:systemPort": "10001",
2020-05-27 09:10:09:993 [BaseDriver]     "appium:udid": "emulator-5554"
2020-05-27 09:10:09:993 [BaseDriver]   },
2020-05-27 09:10:09:994 [BaseDriver]   "firstMatch": [
2020-05-27 09:10:09:994 [BaseDriver]     {}
2020-05-27 09:10:09:995 [BaseDriver]   ]
2020-05-27 09:10:09:995 [BaseDriver] }
2020-05-27 09:10:10:001 [BaseDriver] Number capability passed in as string. Functionality may be compromised.
2020-05-27 09:10:10:001 [BaseDriver] Number capability passed in as string. Functionality may be compromised.
2020-05-27 09:10:10:012 [BaseDriver] Capability 'systemPort' changed from string ('10001') to integer (10001). This may cause unexpected behavior
2020-05-27 09:10:10:012 [BaseDriver] Capability 'chromeDriverPort' changed from string ('11001') to integer (11001). This may cause unexpected behavior
2020-05-27 09:10:10:020 [BaseDriver] The following capabilities were provided, but are not recognized by Appium:
2020-05-27 09:10:10:021 [BaseDriver]   applicationName
2020-05-27 09:10:10:023 [BaseDriver] Session created with session id: 6203a2fb-9c63-4659-bc56-6a0339af91a0
2020-05-27 09:10:10:030 [BaseDriver] Using local app 'C:\QA\SmartCoinQAFrameWork\src\test\resources\apps\app-release.apk'
2020-05-27 09:10:10:031 [UiAutomator2] Checking whether app is actually present
2020-05-27 09:10:10:046 [ADB] Found 1 'build-tools' folders under 'C:\Users\Amit singh\AppData\Local\Android\Sdk' (newest first):
2020-05-27 09:10:10:046 [ADB]     C:/Users/Amit singh/AppData/Local/Android/Sdk/build-tools/29.0.2
2020-05-27 09:10:10:047 [ADB] Using 'adb.exe' from 'C:\Users\Amit singh\AppData\Local\Android\Sdk\platform-tools\adb.exe'
2020-05-27 09:10:10:048 [AndroidDriver] Retrieving device list
2020-05-27 09:10:10:049 [ADB] Trying to find a connected android device
2020-05-27 09:10:10:051 [ADB] Getting connected devices...
2020-05-27 09:10:10:095 [ADB] Connected devices: [{"udid":"emulator-5554","state":"device"}]
2020-05-27 09:10:10:096 [AndroidDriver] Using device: emulator-5554
2020-05-27 09:10:10:098 [ADB] Using 'adb.exe' from 'C:\Users\Amit singh\AppData\Local\Android\Sdk\platform-tools\adb.exe'
2020-05-27 09:10:10:099 [ADB] Setting device id to emulator-5554
2020-05-27 09:10:10:101 [ADB] Running 'C:\Users\Amit singh\AppData\Local\Android\Sdk\platform-tools\adb.exe -P 5037 -s emulator-5554 shell getprop ro.build.version.sdk'
2020-05-27 09:10:30:133 [UiAutomator2] Deleting UiAutomator2 session
2020-05-27 09:10:30:135 [ADB] Running 'C:\Users\Amit singh\AppData\Local\Android\Sdk\platform-tools\adb.exe -P 5037 -s emulator-5554 shell am force-stop in.rebase.app'
2020-05-27 09:10:50:153 [UiAutomator2] Unable to force stop app: Error executing adbExec. Original error: 'Command ''C:\\Users\\Amit singh\\AppData\\Local\\Android\\Sdk\\platform-tools\\adb.exe' -P 5037 -s emulator-5554 shell am force-stop in.rebase.app' timed out after 20000ms'. Try to increase the 20000ms adb execution timeout represented by 'adbExecTimeout' capability
2020-05-27 09:10:50:159 [ADB] Removing forwarded port socket connection: 10001 
2020-05-27 09:10:50:164 [ADB] Running 'C:\Users\Amit singh\AppData\Local\Android\Sdk\platform-tools\adb.exe -P 5037 -s emulator-5554 forward --remove tcp\:10001'
2020-05-27 09:10:50:231 [UiAutomator2] Unable to remove port forward: Error executing adbExec. Original error: 'Command ''C:\\Users\\Amit singh\\AppData\\Local\\Android\\Sdk\\platform-tools\\adb.exe' -P 5037 -s emulator-5554 forward --remove tcp\:10001' exited with code 1'; Stderr: 'adb.exe: error: listener 'tcp:10001' not found'; Code: '1'
2020-05-27 09:10:50:231 [ADB] Running 'C:\Users\Amit singh\AppData\Local\Android\Sdk\platform-tools\adb.exe -P 5037 -s emulator-5554 shell getprop ro.build.version.sdk'
2020-05-27 09:11:10:257 [BaseDriver] Event 'newSessionStarted' logged at 1590570670254 (14:41:10 GMT+0530 (India Standard Time))
2020-05-27 09:11:10:328 [W3C] Encountered internal error running command: Error: Error getting device API level. Original error: Error executing adbExec. Original error: 'Command ''C:\\Users\\Amit singh\\AppData\\Local\\Android\\Sdk\\platform-tools\\adb.exe' -P 5037 -s emulator-5554 shell getprop ro.build.version.sdk' timed out after 20000ms'. Try to increase the 20000ms adb execution timeout represented by 'adbExecTimeout' capability
2020-05-27 09:11:10:328 [W3C]     at ADB.getApiLevel (C:\Users\Amit singh\AppData\Roaming\npm\node_modules\appium\node_modules\appium-adb\lib\tools\adb-commands.js:105:13)
2020-05-27 09:11:10:449 [W3C] Destroying socket connection
2020-05-27 09:11:10:451 [HTTP] <-- POST /wd/hub/session 500 60940 ms - 1317
2020-05-27 09:11:10:452 [HTTP] 
