2020-05-25 11:00:33:019 [Appium] Welcome to Appium v1.17.0
2020-05-25 11:00:33:022 [Appium] Non-default server args:
2020-05-25 11:00:33:024 [Appium]   port: 30909
2020-05-25 11:00:33:025 [Appium]   sessionOverride: true
2020-05-25 11:00:33:026 [Appium]   logFile: C:\QA\Android_Pixel2\Server.log
2020-05-25 11:00:33:079 [Appium] Appium REST http interface listener started on 0.0.0.0:30909
2020-05-25 11:00:33:221 [HTTP] --> GET /wd/hub/status
2020-05-25 11:00:33:221 [HTTP] {}
2020-05-25 11:00:33:226 [GENERIC] Calling AppiumDriver.getStatus() with args: []
2020-05-25 11:00:33:229 [GENERIC] Responding to client with driver.getStatus() result: {"build":{"version":"1.17.0"}}
2020-05-25 11:00:33:240 [HTTP] <-- GET /wd/hub/status 200 15 ms - 68
2020-05-25 11:00:33:241 [HTTP] 
2020-05-25 11:00:33:306 [HTTP] --> GET /wd/hub/status
2020-05-25 11:00:33:307 [HTTP] {}
2020-05-25 11:00:33:308 [GENERIC] Calling AppiumDriver.getStatus() with args: []
2020-05-25 11:00:33:309 [GENERIC] Responding to client with driver.getStatus() result: {"build":{"version":"1.17.0"}}
2020-05-25 11:00:33:312 [HTTP] <-- GET /wd/hub/status 200 5 ms - 68
2020-05-25 11:00:33:313 [HTTP] 
2020-05-25 11:00:34:593 [HTTP] --> POST /wd/hub/session
2020-05-25 11:00:34:594 [HTTP] {"desiredCapabilities":{"app":"C:\\QA\\src\\test\\resources\\apps\\app-release.apk","appActivity":"com.payvoo.app.ui.activity.SplashScreenActivity","appPackage":"in.rebase.app","chromeDriverPort":"11001","platformName":"Android","udid":"emulator-5554","deviceName":"Pixel2","applicationName":"Android","systemPort":"10001"},"capabilities":{"firstMatch":[{"appium:app":"C:\\QA\\src\\test\\resources\\apps\\app-release.apk","appium:appActivity":"com.payvoo.app.ui.activity.SplashScreenActivity","appium:appPackage":"in.rebase.app","applicationName":"Android","chromeDriverPort":"11001","appium:deviceName":"Pixel2","platformName":"android","appium:systemPort":"10001","appium:udid":"emulator-5554"}]}}
2020-05-25 11:00:34:596 [W3C] Calling AppiumDriver.createSession() with args: [{"app":"C:\\QA\\src\\test\\resources\\apps\\app-release.apk","appActivity":"com.payvoo.app.ui.activity.SplashScreenActivity","appPackage":"in.rebase.app","chromeDriverPort":"11001","platformName":"Android","udid":"emulator-5554","deviceName":"Pixel2","applicationName":"Android","systemPort":"10001"},null,{"firstMatch":[{"appium:app":"C:\\QA\\src\\test\\resources\\apps\\app-release.apk","appium:appActivity":"com.payvoo.app.ui.activity.SplashScreenActivity","appium:appPackage":"in.rebase.app","applicationName":"Android","chromeDriverPort":"11001","appium:deviceName":"Pixel2","platformName":"android","appium:systemPort":"10001","appium:udid":"emulator-5554"}]}]
2020-05-25 11:00:34:597 [BaseDriver] Event 'newSessionRequested' logged at 1590404434597 (16:30:34 GMT+0530 (India Standard Time))
2020-05-25 11:00:34:604 [BaseDriver] The following capabilities are not standard capabilities and should have an extension prefix:
2020-05-25 11:00:34:605 [BaseDriver]   applicationName
2020-05-25 11:00:34:605 [BaseDriver]   chromeDriverPort
2020-05-25 11:00:34:614 [Appium] 
2020-05-25 11:00:34:614 [Appium] ======================================================================
2020-05-25 11:00:34:615 [Appium]   DEPRECATION WARNING:
2020-05-25 11:00:34:615 [Appium] 
2020-05-25 11:00:34:616 [Appium]   The 'automationName' capability was not provided in the desired 
2020-05-25 11:00:34:616 [Appium]   capabilities for this Android session
2020-05-25 11:00:34:617 [Appium] 
2020-05-25 11:00:34:617 [Appium]   Setting 'automationName=UiAutomator2' by default and using the 
2020-05-25 11:00:34:618 [Appium]   UiAutomator2 Driver
2020-05-25 11:00:34:618 [Appium] 
2020-05-25 11:00:34:619 [Appium]   The next major version of Appium (2.x) will **require** the 
2020-05-25 11:00:34:619 [Appium]   'automationName' capability to be set for all sessions on all 
2020-05-25 11:00:34:620 [Appium]   platforms
2020-05-25 11:00:34:620 [Appium] 
2020-05-25 11:00:34:621 [Appium]   In previous versions (Appium <= 1.13.x), the default was 
2020-05-25 11:00:34:621 [Appium]   'automationName=UiAutomator1'
2020-05-25 11:00:34:622 [Appium] 
2020-05-25 11:00:34:622 [Appium]   If you wish to use that automation instead of UiAutomator2, please 
2020-05-25 11:00:34:623 [Appium]   add 'automationName=UiAutomator1' to your desired capabilities
2020-05-25 11:00:34:624 [Appium] 
2020-05-25 11:00:34:624 [Appium]   For more information about drivers, please visit 
2020-05-25 11:00:34:625 [Appium]   http://appium.io/docs/en/about-appium/intro/ and explore the 
2020-05-25 11:00:34:625 [Appium]   'Drivers' menu
2020-05-25 11:00:34:626 [Appium] 
2020-05-25 11:00:34:626 [Appium] ======================================================================
2020-05-25 11:00:34:626 [Appium] 
2020-05-25 11:00:35:275 [Appium] Appium v1.17.0 creating new AndroidUiautomator2Driver (v1.44.2) session
2020-05-25 11:00:35:275 [Appium] There are no active sessions for cleanup
2020-05-25 11:00:35:282 [BaseDriver] W3C capabilities and MJSONWP desired capabilities were provided
2020-05-25 11:00:35:283 [BaseDriver] Creating session with W3C capabilities: {
2020-05-25 11:00:35:283 [BaseDriver]   "alwaysMatch": {
2020-05-25 11:00:35:284 [BaseDriver]     "appium:applicationName": "Android",
2020-05-25 11:00:35:284 [BaseDriver]     "appium:chromeDriverPort": "11001",
2020-05-25 11:00:35:285 [BaseDriver]     "platformName": "android",
2020-05-25 11:00:35:285 [BaseDriver]     "appium:app": "C:\\QA\\src\\test\\resources\\apps\\app-release.apk",
2020-05-25 11:00:35:285 [BaseDriver]     "appium:appActivity": "com.payvoo.app.ui.activity.SplashScreenActivity",
2020-05-25 11:00:35:286 [BaseDriver]     "appium:appPackage": "in.rebase.app",
2020-05-25 11:00:35:286 [BaseDriver]     "appium:deviceName": "Pixel2",
2020-05-25 11:00:35:286 [BaseDriver]     "appium:systemPort": "10001",
2020-05-25 11:00:35:287 [BaseDriver]     "appium:udid": "emulator-5554"
2020-05-25 11:00:35:287 [BaseDriver]   },
2020-05-25 11:00:35:287 [BaseDriver]   "firstMatch": [
2020-05-25 11:00:35:288 [BaseDriver]     {}
2020-05-25 11:00:35:288 [BaseDriver]   ]
2020-05-25 11:00:35:288 [BaseDriver] }
2020-05-25 11:00:35:293 [BaseDriver] Number capability passed in as string. Functionality may be compromised.
2020-05-25 11:00:35:294 [BaseDriver] Number capability passed in as string. Functionality may be compromised.
2020-05-25 11:00:35:302 [BaseDriver] Capability 'systemPort' changed from string ('10001') to integer (10001). This may cause unexpected behavior
2020-05-25 11:00:35:302 [BaseDriver] Capability 'chromeDriverPort' changed from string ('11001') to integer (11001). This may cause unexpected behavior
2020-05-25 11:00:35:311 [BaseDriver] The following capabilities were provided, but are not recognized by Appium:
2020-05-25 11:00:35:312 [BaseDriver]   applicationName
2020-05-25 11:00:35:314 [BaseDriver] Session created with session id: b26ea44f-3661-474f-972d-2d47bdb371c2
2020-05-25 11:00:35:324 [BaseDriver] Using local app 'C:\QA\src\test\resources\apps\app-release.apk'
2020-05-25 11:00:35:325 [UiAutomator2] Checking whether app is actually present
2020-05-25 11:00:35:343 [ADB] Found 1 'build-tools' folders under 'C:\Users\Amit singh\AppData\Local\Android\Sdk' (newest first):
2020-05-25 11:00:35:344 [ADB]     C:/Users/Amit singh/AppData/Local/Android/Sdk/build-tools/29.0.2
2020-05-25 11:00:35:345 [ADB] Using 'adb.exe' from 'C:\Users\Amit singh\AppData\Local\Android\Sdk\platform-tools\adb.exe'
2020-05-25 11:00:35:345 [AndroidDriver] Retrieving device list
2020-05-25 11:00:35:347 [ADB] Trying to find a connected android device
2020-05-25 11:00:35:348 [ADB] Getting connected devices...
2020-05-25 11:00:35:433 [ADB] Connected devices: [{"udid":"86f8e4640906","state":"device"},{"udid":"Z50418GA426239","state":"device"},{"udid":"emulator-5554","state":"device"}]
2020-05-25 11:00:35:434 [AndroidDriver] Using device: emulator-5554
2020-05-25 11:00:35:436 [ADB] Using 'adb.exe' from 'C:\Users\Amit singh\AppData\Local\Android\Sdk\platform-tools\adb.exe'
2020-05-25 11:00:35:436 [ADB] Setting device id to emulator-5554
2020-05-25 11:00:35:438 [ADB] Running 'C:\Users\Amit singh\AppData\Local\Android\Sdk\platform-tools\adb.exe -P 5037 -s emulator-5554 shell getprop ro.build.version.sdk'
2020-05-25 11:00:55:470 [UiAutomator2] Deleting UiAutomator2 session
2020-05-25 11:00:55:472 [ADB] Running 'C:\Users\Amit singh\AppData\Local\Android\Sdk\platform-tools\adb.exe -P 5037 -s emulator-5554 shell am force-stop in.rebase.app'
2020-05-25 11:01:15:480 [UiAutomator2] Unable to force stop app: Error executing adbExec. Original error: 'Command ''C:\\Users\\Amit singh\\AppData\\Local\\Android\\Sdk\\platform-tools\\adb.exe' -P 5037 -s emulator-5554 shell am force-stop in.rebase.app' timed out after 20000ms'. Try to increase the 20000ms adb execution timeout represented by 'adbExecTimeout' capability
2020-05-25 11:01:15:482 [ADB] Removing forwarded port socket connection: 10001 
2020-05-25 11:01:15:484 [ADB] Running 'C:\Users\Amit singh\AppData\Local\Android\Sdk\platform-tools\adb.exe -P 5037 -s emulator-5554 forward --remove tcp\:10001'
2020-05-25 11:01:15:533 [UiAutomator2] Unable to remove port forward: Error executing adbExec. Original error: 'Command ''C:\\Users\\Amit singh\\AppData\\Local\\Android\\Sdk\\platform-tools\\adb.exe' -P 5037 -s emulator-5554 forward --remove tcp\:10001' exited with code 1'; Stderr: 'adb.exe: error: listener 'tcp:10001' not found'; Code: '1'
2020-05-25 11:01:15:534 [ADB] Running 'C:\Users\Amit singh\AppData\Local\Android\Sdk\platform-tools\adb.exe -P 5037 -s emulator-5554 shell getprop ro.build.version.sdk'
2020-05-25 11:01:35:540 [BaseDriver] Event 'newSessionStarted' logged at 1590404495540 (16:31:35 GMT+0530 (India Standard Time))
2020-05-25 11:01:35:608 [W3C] Encountered internal error running command: Error: Error getting device API level. Original error: Error executing adbExec. Original error: 'Command ''C:\\Users\\Amit singh\\AppData\\Local\\Android\\Sdk\\platform-tools\\adb.exe' -P 5037 -s emulator-5554 shell getprop ro.build.version.sdk' timed out after 20000ms'. Try to increase the 20000ms adb execution timeout represented by 'adbExecTimeout' capability
2020-05-25 11:01:35:608 [W3C]     at ADB.getApiLevel (C:\Users\Amit singh\AppData\Roaming\npm\node_modules\appium\node_modules\appium-adb\lib\tools\adb-commands.js:105:13)
2020-05-25 11:01:35:678 [W3C] Destroying socket connection
2020-05-25 11:01:35:720 [HTTP] <-- POST /wd/hub/session 500 61082 ms - 1317
2020-05-25 11:01:35:742 [HTTP] 
